<?xml version="1.0" encoding="UTF-8"?>
<testng-results ignored="0" total="3" passed="2" failed="1" skipped="0">
  <reporter-output>
  </reporter-output>
  <suite started-at="2022-12-07T22:39:27 IST" name="Surefire suite" finished-at="2022-12-07T22:39:54 IST" duration-ms="27283">
    <groups>
      <group name="cucumber">
        <method signature="AbstractTestNGCucumberTests.runScenario(io.cucumber.testng.PickleWrapper,io.cucumber.testng.FeatureWrapper)[pri:0, instance:cucumberOptions.TestNG_TestRunner@49c386c8]" name="runScenario" class="io.cucumber.testng.AbstractTestNGCucumberTests"/>
      </group> <!-- cucumber -->
    </groups>
    <test started-at="2022-12-07T22:39:27 IST" name="Surefire test" finished-at="2022-12-07T22:39:54 IST" duration-ms="27283">
      <class name="cucumberOptions.TestNG_TestRunner">
        <test-method is-config="true" signature="setUpClass(org.testng.ITestContext)[pri:0, instance:cucumberOptions.TestNG_TestRunner@49c386c8]" started-at="2022-12-07T22:39:27 IST" name="setUpClass" finished-at="2022-12-07T22:39:29 IST" duration-ms="1709" status="PASS">
          <params>
            <param index="0">
              <value>
                <![CDATA[org.testng.TestRunner@27fde870]]>
              </value>
            </param>
          </params>
          <reporter-output>
          </reporter-output>
        </test-method> <!-- setUpClass -->
        <test-method signature="runScenario(io.cucumber.testng.PickleWrapper,io.cucumber.testng.FeatureWrapper)[pri:0, instance:cucumberOptions.TestNG_TestRunner@49c386c8]" started-at="2022-12-07T22:39:29 IST" name="runScenario" description="Runs Cucumber Scenarios" data-provider="scenarios" finished-at="2022-12-07T22:39:46 IST" duration-ms="17296" status="PASS">
          <params>
            <param index="0">
              <value>
                <![CDATA["Seacrh experiecnce of homepage and offerspage"]]>
              </value>
            </param>
            <param index="1">
              <value>
                <![CDATA["Search and Place order for Products"]]>
              </value>
            </param>
          </params>
          <reporter-output>
          </reporter-output>
        </test-method> <!-- runScenario -->
        <test-method signature="runScenario(io.cucumber.testng.PickleWrapper,io.cucumber.testng.FeatureWrapper)[pri:0, instance:cucumberOptions.TestNG_TestRunner@49c386c8]" started-at="2022-12-07T22:39:29 IST" name="runScenario" description="Runs Cucumber Scenarios" data-provider="scenarios" finished-at="2022-12-07T22:39:50 IST" duration-ms="20779" status="PASS">
          <params>
            <param index="0">
              <value>
                <![CDATA["Seacrh experiecnce of homepage and offerspage"]]>
              </value>
            </param>
            <param index="1">
              <value>
                <![CDATA["Search and Place order for Products"]]>
              </value>
            </param>
          </params>
          <reporter-output>
          </reporter-output>
        </test-method> <!-- runScenario -->
        <test-method signature="runScenario(io.cucumber.testng.PickleWrapper,io.cucumber.testng.FeatureWrapper)[pri:0, instance:cucumberOptions.TestNG_TestRunner@49c386c8]" started-at="2022-12-07T22:39:29 IST" name="runScenario" description="Runs Cucumber Scenarios" data-provider="scenarios" finished-at="2022-12-07T22:39:54 IST" duration-ms="24654" status="FAIL">
          <params>
            <param index="0">
              <value>
                <![CDATA["Seacrh experiecnce of homepage and offerspage"]]>
              </value>
            </param>
            <param index="1">
              <value>
                <![CDATA["Search and Place order for Products"]]>
              </value>
            </param>
          </params>
          <exception class="java.lang.AssertionError">
            <message>
              <![CDATA[expected [No data] but found [Beetroot]]]>
            </message>
            <full-stacktrace>
              <![CDATA[java.lang.AssertionError: expected [No data] but found [Beetroot]
at org.testng.Assert.fail(Assert.java:110)
at org.testng.Assert.failNotEquals(Assert.java:1413)
at org.testng.Assert.assertEqualsImpl(Assert.java:149)
at org.testng.Assert.assertEquals(Assert.java:131)
at org.testng.Assert.assertEquals(Assert.java:655)
at org.testng.Assert.assertEquals(Assert.java:665)
at stepDefinations.OfferPg_Stepdefinations._validate_productpage_product_and_offerpage_product_are_equal(OfferPg_Stepdefinations.java:79)
at âœ½.: Validate ProductPage Product and OfferPage product are equal(file:///C:/Users/Akshay/eclipse-workspace/Automation/src/test/java/features/searchProduct.feature:9)
]]>
            </full-stacktrace>
          </exception> <!-- java.lang.AssertionError -->
          <reporter-output>
          </reporter-output>
        </test-method> <!-- runScenario -->
        <test-method is-config="true" signature="tearDownClass()[pri:0, instance:cucumberOptions.TestNG_TestRunner@49c386c8]" started-at="2022-12-07T22:39:54 IST" name="tearDownClass" finished-at="2022-12-07T22:39:54 IST" duration-ms="829" status="PASS">
          <reporter-output>
          </reporter-output>
        </test-method> <!-- tearDownClass -->
      </class> <!-- cucumberOptions.TestNG_TestRunner -->
    </test> <!-- Surefire test -->
  </suite> <!-- Surefire suite -->
</testng-results>
