-------------------------------------------------------------------------------
Test set: TestSuite
-------------------------------------------------------------------------------
Tests run: 3, Failures: 1, Errors: 0, Skipped: 0, Time elapsed: 28.085 s <<< FAILURE! - in TestSuite
runScenario(cucumberOptions.TestNG_TestRunner)  Time elapsed: 24.668 s  <<< FAILURE!
java.lang.AssertionError: expected [No data] but found [Beetroot]

