<?xml version="1.0" encoding="UTF-8"?>
<!-- Generated by org.testng.reporters.JUnitReportReporter -->
<testsuite hostname="DESKTOP-GML17V3" failures="1" tests="3" name="cucumberOptions.TestNG_TestRunner" time="62.729" errors="0" timestamp="2022-12-07T22:39:55 IST" skipped="0">
  <testcase classname="cucumberOptions.TestNG_TestRunner" name="runScenario" time="17.296"/>
  <system-out/>
  <testcase classname="cucumberOptions.TestNG_TestRunner" name="runScenario" time="24.654">
    <failure message="expected [No data] but found [Beetroot]" type="java.lang.AssertionError">
      <![CDATA[java.lang.AssertionError: expected [No data] but found [Beetroot]
at org.testng.Assert.fail(Assert.java:110)
at org.testng.Assert.failNotEquals(Assert.java:1413)
at org.testng.Assert.assertEqualsImpl(Assert.java:149)
at org.testng.Assert.assertEquals(Assert.java:131)
at org.testng.Assert.assertEquals(Assert.java:655)
at org.testng.Assert.assertEquals(Assert.java:665)
at stepDefinations.OfferPg_Stepdefinations._validate_productpage_product_and_offerpage_product_are_equal(OfferPg_Stepdefinations.java:79)
at âœ½.: Validate ProductPage Product and OfferPage product are equal(file:///C:/Users/Akshay/eclipse-workspace/Automation/src/test/java/features/searchProduct.feature:9)
]]>
    </failure>
  </testcase> <!-- runScenario -->
  <system-out/>
  <testcase classname="cucumberOptions.TestNG_TestRunner" name="runScenario" time="20.779"/>
  <system-out/>
</testsuite> <!-- cucumberOptions.TestNG_TestRunner -->
